# JRE version: OpenJDK Runtime Environment Temurin-17.0.7+7 (17.0.7+7) (build 17.0.7+7)
# Java VM: OpenJDK 64-Bit Server VM Temurin-17.0.7+7 (17.0.7+7, mixed mode, tiered, compressed oops, compressed class ptrs, g1 gc, bsd-aarch64)
Heap:
 garbage-first heap   total 524288K, used 370058K [0x00000007e0000000, 0x0000000800000000)
  region size 1024K, 209 young (214016K), 1 survivors (1024K)
 Metaspace       used 14668K, committed 14848K, reserved 1114112K
  class space    used 1377K, committed 1472K, reserved 1048576K
GC Heap History (20 events):
Event: 190430.618 GC heap before
{Heap before GC invocations=107 (full 0):
 garbage-first heap   total 524288K, used 456963K [0x00000007e0000000, 0x0000000800000000)
  region size 1024K, 307 young (314368K), 10 survivors (10240K)
 Metaspace       used 14656K, committed 14848K, reserved 1114112K
  class space    used 1377K, committed 1472K, reserved 1048576K
}
Event: 190430.618 GC heap after
{Heap after GC invocations=108 (full 0):
 garbage-first heap   total 524288K, used 152801K [0x00000007e0000000, 0x0000000800000000)
  region size 1024K, 10 young (10240K), 10 survivors (10240K)
 Metaspace       used 14656K, committed 14848K, reserved 1114112K
  class space    used 1377K, committed 1472K, reserved 1048576K
}
Event: 190431.512 GC heap before
{Heap before GC invocations=108 (full 0):
 garbage-first heap   total 524288K, used 456929K [0x00000007e0000000, 0x0000000800000000)
  region size 1024K, 307 young (314368K), 10 survivors (10240K)
 Metaspace       used 14656K, committed 14848K, reserved 1114112K
  class space    used 1377K, committed 1472K, reserved 1048576K
}
Event: 190431.513 GC heap after
{Heap after GC invocations=109 (full 0):
 garbage-first heap   total 524288K, used 152965K [0x00000007e0000000, 0x0000000800000000)
  region size 1024K, 10 young (10240K), 10 survivors (10240K)
 Metaspace       used 14656K, committed 14848K, reserved 1114112K
  class space    used 1377K, committed 1472K, reserved 1048576K
}
Event: 190432.496 GC heap before
{Heap before GC invocations=109 (full 0):
 garbage-first heap   total 524288K, used 457093K [0x00000007e0000000, 0x0000000800000000)
  region size 1024K, 307 young (314368K), 10 survivors (10240K)
 Metaspace       used 14656K, committed 14848K, reserved 1114112K
  class space    used 1377K, committed 1472K, reserved 1048576K
}
Event: 190432.497 GC heap after
{Heap after GC invocations=110 (full 0):
 garbage-first heap   total 524288K, used 152801K [0x00000007e0000000, 0x0000000800000000)
  region size 1024K, 10 young (10240K), 10 survivors (10240K)
 Metaspace       used 14656K, committed 14848K, reserved 1114112K
  class space    used 1377K, committed 1472K, reserved 1048576K
}
Event: 190433.450 GC heap before
{Heap before GC invocations=110 (full 0):
 garbage-first heap   total 524288K, used 456929K [0x00000007e0000000, 0x0000000800000000)
  region size 1024K, 307 young (314368K), 10 survivors (10240K)
 Metaspace       used 14656K, committed 14848K, reserved 1114112K
  class space    used 1377K, committed 1472K, reserved 1048576K
}
Event: 190433.451 GC heap after
{Heap after GC invocations=111 (full 0):
 garbage-first heap   total 524288K, used 153019K [0x00000007e0000000, 0x0000000800000000)
  region size 1024K, 10 young (10240K), 10 survivors (10240K)
 Metaspace       used 14656K, committed 14848K, reserved 1114112K
  class space    used 1377K, committed 1472K, reserved 1048576K
}
Event: 190434.371 GC heap before
{Heap before GC invocations=111 (full 0):
 garbage-first heap   total 524288K, used 457147K [0x00000007e0000000, 0x0000000800000000)
  region size 1024K, 307 young (314368K), 10 survivors (10240K)
 Metaspace       used 14656K, committed 14848K, reserved 1114112K
  class space    used 1377K, committed 1472K, reserved 1048576K
}
Event: 190434.372 GC heap after
{Heap after GC invocations=112 (full 0):
 garbage-first heap   total 524288K, used 152845K [0x00000007e0000000, 0x0000000800000000)
  region size 1024K, 10 young (10240K), 10 survivors (10240K)
 Metaspace       used 14656K, committed 14848K, reserved 1114112K
  class space    used 1377K, committed 1472K, reserved 1048576K
}
Event: 190435.290 GC heap before
{Heap before GC invocations=112 (full 0):
 garbage-first heap   total 524288K, used 456973K [0x00000007e0000000, 0x0000000800000000)
  region size 1024K, 307 young (314368K), 10 survivors (10240K)
 Metaspace       used 14656K, committed 14848K, reserved 1114112K
  class space    used 1377K, committed 1472K, reserved 1048576K
}
Event: 190435.291 GC heap after
{Heap after GC invocations=113 (full 0):
 garbage-first heap   total 524288K, used 152835K [0x00000007e0000000, 0x0000000800000000)
  region size 1024K, 10 young (10240K), 10 survivors (10240K)
 Metaspace       used 14656K, committed 14848K, reserved 1114112K
  class space    used 1377K, committed 1472K, reserved 1048576K
}
Event: 190436.235 GC heap before
{Heap before GC invocations=113 (full 0):
 garbage-first heap   total 524288K, used 456963K [0x00000007e0000000, 0x0000000800000000)
  region size 1024K, 307 young (314368K), 10 survivors (10240K)
 Metaspace       used 14656K, committed 14848K, reserved 1114112K
  class space    used 1377K, committed 1472K, reserved 1048576K
}
Event: 190436.238 GC heap after
{Heap after GC invocations=114 (full 0):
 garbage-first heap   total 524288K, used 153067K [0x00000007e0000000, 0x0000000800000000)
  region size 1024K, 1 young (1024K), 1 survivors (1024K)
 Metaspace       used 14656K, committed 14848K, reserved 1114112K
  class space    used 1377K, committed 1472K, reserved 1048576K
}
Event: 190437.177 GC heap before
{Heap before GC invocations=114 (full 0):
 garbage-first heap   total 524288K, used 466411K [0x00000007e0000000, 0x0000000800000000)
  region size 1024K, 307 young (314368K), 1 survivors (1024K)
 Metaspace       used 14656K, committed 14848K, reserved 1114112K
  class space    used 1377K, committed 1472K, reserved 1048576K
}
Event: 190437.177 GC heap after
{Heap after GC invocations=115 (full 0):
 garbage-first heap   total 524288K, used 152965K [0x00000007e0000000, 0x0000000800000000)
  region size 1024K, 1 young (1024K), 1 survivors (1024K)
 Metaspace       used 14656K, committed 14848K, reserved 1114112K
  class space    used 1377K, committed 1472K, reserved 1048576K
}
Event: 190438.161 GC heap before
{Heap before GC invocations=115 (full 0):
 garbage-first heap   total 524288K, used 466309K [0x00000007e0000000, 0x0000000800000000)
  region size 1024K, 307 young (314368K), 1 survivors (1024K)
 Metaspace       used 14656K, committed 14848K, reserved 1114112K
  class space    used 1377K, committed 1472K, reserved 1048576K
}
Event: 190438.162 GC heap after
{Heap after GC invocations=116 (full 0):
 garbage-first heap   total 524288K, used 152965K [0x00000007e0000000, 0x0000000800000000)
  region size 1024K, 1 young (1024K), 1 survivors (1024K)
 Metaspace       used 14656K, committed 14848K, reserved 1114112K
  class space    used 1377K, committed 1472K, reserved 1048576K
}
Event: 190439.158 GC heap before
{Heap before GC invocations=116 (full 0):
 garbage-first heap   total 524288K, used 466309K [0x00000007e0000000, 0x0000000800000000)
  region size 1024K, 307 young (314368K), 1 survivors (1024K)
 Metaspace       used 14656K, committed 14848K, reserved 1114112K
  class space    used 1377K, committed 1472K, reserved 1048576K
}
Event: 190439.158 GC heap after
{Heap after GC invocations=117 (full 0):
 garbage-first heap   total 524288K, used 152970K [0x00000007e0000000, 0x0000000800000000)
  region size 1024K, 1 young (1024K), 1 survivors (1024K)
 Metaspace       used 14656K, committed 14848K, reserved 1114112K
  class space    used 1377K, committed 1472K, reserved 1048576K
}

